This is pdfTeX, Version 3.14159265-2.6-1.40.17 (MiKTeX 2.9.6210 64-bit) (preloaded format=pdflatex 2017.1.30)  1 FEB 2017 11:40
entering extended mode
**./IRC_Latex.tex
(IRC_Latex.tex
LaTeX2e <2017/01/01> patch level 1
Babel <3.9r> and hyphenation patterns for 72 language(s) loaded.
("C:\Program Files\MiKTeX 2.9\tex\latex\base\article.cls"
Document Class: article 2014/09/29 v1.4h Standard LaTeX document class
("C:\Program Files\MiKTeX 2.9\tex\latex\base\size11.clo"
File: size11.clo 2014/09/29 v1.4h Standard LaTeX file (size option)
)
\c@part=\count79
\c@section=\count80
\c@subsection=\count81
\c@subsubsection=\count82
\c@paragraph=\count83
\c@subparagraph=\count84
\c@figure=\count85
\c@table=\count86
\abovecaptionskip=\skip41
\belowcaptionskip=\skip42
\bibindent=\dimen102
)
("C:\Program Files\MiKTeX 2.9\tex\latex\graphics\graphicx.sty"
Package: graphicx 2014/10/28 v1.0g Enhanced LaTeX Graphics (DPC,SPQR)

("C:\Program Files\MiKTeX 2.9\tex\latex\graphics\keyval.sty"
Package: keyval 2014/10/28 v1.15 key=value parser (DPC)
\KV@toks@=\toks14
)
("C:\Program Files\MiKTeX 2.9\tex\latex\graphics\graphics.sty"
Package: graphics 2016/10/09 v1.0u Standard LaTeX Graphics (DPC,SPQR)

("C:\Program Files\MiKTeX 2.9\tex\latex\graphics\trig.sty"
Package: trig 2016/01/03 v1.10 sin cos tan (DPC)
)
("C:\Program Files\MiKTeX 2.9\tex\latex\graphics-cfg\graphics.cfg"
File: graphics.cfg 2016/06/04 v1.11 sample graphics configuration
)
Package graphics Info: Driver file: pdftex.def on input line 99.

("C:\Program Files\MiKTeX 2.9\tex\latex\graphics-def\pdftex.def"
File: pdftex.def 2017/01/12 v0.06k Graphics/color for pdfTeX

("C:\Program Files\MiKTeX 2.9\tex\generic\oberdiek\infwarerr.sty"
Package: infwarerr 2016/05/16 v1.4 Providing info/warning/error messages (HO)
)
("C:\Program Files\MiKTeX 2.9\tex\generic\oberdiek\ltxcmds.sty"
Package: ltxcmds 2016/05/16 v1.23 LaTeX kernel commands for general use (HO)
)
\Gread@gobject=\count87
))
\Gin@req@height=\dimen103
\Gin@req@width=\dimen104
)
("C:\Program Files\MiKTeX 2.9\tex\latex\graphics\color.sty"
Package: color 2016/07/10 v1.1e Standard LaTeX Color (DPC)

("C:\Program Files\MiKTeX 2.9\tex\latex\graphics-cfg\color.cfg"
File: color.cfg 2016/01/02 v1.6 sample color configuration
)
Package color Info: Driver file: pdftex.def on input line 147.
)
("C:\Program Files\MiKTeX 2.9\tex\latex\framed\framed.sty"
Package: framed 2011/10/22 v 0.96: framed or shaded text with page breaks
\OuterFrameSep=\skip43
\fb@frw=\dimen105
\fb@frh=\dimen106
\FrameRule=\dimen107
\FrameSep=\dimen108
)
("C:\Program Files\MiKTeX 2.9\tex\latex\base\alltt.sty"
Package: alltt 1997/06/16 v2.0g defines alltt environment
)
("C:\Program Files\MiKTeX 2.9\tex\latex\base\inputenc.sty"
Package: inputenc 2015/03/17 v1.2c Input encoding file
\inpenc@prehook=\toks15
\inpenc@posthook=\toks16

("C:\Program Files\MiKTeX 2.9\tex\latex\base\utf8.def"
File: utf8.def 2016/02/28 v1.1s UTF-8 support for inputenc
Now handling font encoding OML ...
... no UTF-8 mapping file for font encoding OML
Now handling font encoding T1 ...
... processing UTF-8 mapping file for font encoding T1

("C:\Program Files\MiKTeX 2.9\tex\latex\base\t1enc.dfu"
File: t1enc.dfu 2016/02/28 v1.1s UTF-8 support for inputenc
   defining Unicode char U+00A0 (decimal 160)
   defining Unicode char U+00A1 (decimal 161)
   defining Unicode char U+00A3 (decimal 163)
   defining Unicode char U+00AB (decimal 171)
   defining Unicode char U+00AD (decimal 173)
   defining Unicode char U+00BB (decimal 187)
   defining Unicode char U+00BF (decimal 191)
   defining Unicode char U+00C0 (decimal 192)
   defining Unicode char U+00C1 (decimal 193)
   defining Unicode char U+00C2 (decimal 194)
   defining Unicode char U+00C3 (decimal 195)
   defining Unicode char U+00C4 (decimal 196)
   defining Unicode char U+00C5 (decimal 197)
   defining Unicode char U+00C6 (decimal 198)
   defining Unicode char U+00C7 (decimal 199)
   defining Unicode char U+00C8 (decimal 200)
   defining Unicode char U+00C9 (decimal 201)
   defining Unicode char U+00CA (decimal 202)
   defining Unicode char U+00CB (decimal 203)
   defining Unicode char U+00CC (decimal 204)
   defining Unicode char U+00CD (decimal 205)
   defining Unicode char U+00CE (decimal 206)
   defining Unicode char U+00CF (decimal 207)
   defining Unicode char U+00D0 (decimal 208)
   defining Unicode char U+00D1 (decimal 209)
   defining Unicode char U+00D2 (decimal 210)
   defining Unicode char U+00D3 (decimal 211)
   defining Unicode char U+00D4 (decimal 212)
   defining Unicode char U+00D5 (decimal 213)
   defining Unicode char U+00D6 (decimal 214)
   defining Unicode char U+00D8 (decimal 216)
   defining Unicode char U+00D9 (decimal 217)
   defining Unicode char U+00DA (decimal 218)
   defining Unicode char U+00DB (decimal 219)
   defining Unicode char U+00DC (decimal 220)
   defining Unicode char U+00DD (decimal 221)
   defining Unicode char U+00DE (decimal 222)
   defining Unicode char U+00DF (decimal 223)
   defining Unicode char U+00E0 (decimal 224)
   defining Unicode char U+00E1 (decimal 225)
   defining Unicode char U+00E2 (decimal 226)
   defining Unicode char U+00E3 (decimal 227)
   defining Unicode char U+00E4 (decimal 228)
   defining Unicode char U+00E5 (decimal 229)
   defining Unicode char U+00E6 (decimal 230)
   defining Unicode char U+00E7 (decimal 231)
   defining Unicode char U+00E8 (decimal 232)
   defining Unicode char U+00E9 (decimal 233)
   defining Unicode char U+00EA (decimal 234)
   defining Unicode char U+00EB (decimal 235)
   defining Unicode char U+00EC (decimal 236)
   defining Unicode char U+00ED (decimal 237)
   defining Unicode char U+00EE (decimal 238)
   defining Unicode char U+00EF (decimal 239)
   defining Unicode char U+00F0 (decimal 240)
   defining Unicode char U+00F1 (decimal 241)
   defining Unicode char U+00F2 (decimal 242)
   defining Unicode char U+00F3 (decimal 243)
   defining Unicode char U+00F4 (decimal 244)
   defining Unicode char U+00F5 (decimal 245)
   defining Unicode char U+00F6 (decimal 246)
   defining Unicode char U+00F8 (decimal 248)
   defining Unicode char U+00F9 (decimal 249)
   defining Unicode char U+00FA (decimal 250)
   defining Unicode char U+00FB (decimal 251)
   defining Unicode char U+00FC (decimal 252)
   defining Unicode char U+00FD (decimal 253)
   defining Unicode char U+00FE (decimal 254)
   defining Unicode char U+00FF (decimal 255)
   defining Unicode char U+0100 (decimal 256)
   defining Unicode char U+0101 (decimal 257)
   defining Unicode char U+0102 (decimal 258)
   defining Unicode char U+0103 (decimal 259)
   defining Unicode char U+0104 (decimal 260)
   defining Unicode char U+0105 (decimal 261)
   defining Unicode char U+0106 (decimal 262)
   defining Unicode char U+0107 (decimal 263)
   defining Unicode char U+0108 (decimal 264)
   defining Unicode char U+0109 (decimal 265)
   defining Unicode char U+010A (decimal 266)
   defining Unicode char U+010B (decimal 267)
   defining Unicode char U+010C (decimal 268)
   defining Unicode char U+010D (decimal 269)
   defining Unicode char U+010E (decimal 270)
   defining Unicode char U+010F (decimal 271)
   defining Unicode char U+0110 (decimal 272)
   defining Unicode char U+0111 (decimal 273)
   defining Unicode char U+0112 (decimal 274)
   defining Unicode char U+0113 (decimal 275)
   defining Unicode char U+0114 (decimal 276)
   defining Unicode char U+0115 (decimal 277)
   defining Unicode char U+0116 (decimal 278)
   defining Unicode char U+0117 (decimal 279)
   defining Unicode char U+0118 (decimal 280)
   defining Unicode char U+0119 (decimal 281)
   defining Unicode char U+011A (decimal 282)
   defining Unicode char U+011B (decimal 283)
   defining Unicode char U+011C (decimal 284)
   defining Unicode char U+011D (decimal 285)
   defining Unicode char U+011E (decimal 286)
   defining Unicode char U+011F (decimal 287)
   defining Unicode char U+0120 (decimal 288)
   defining Unicode char U+0121 (decimal 289)
   defining Unicode char U+0122 (decimal 290)
   defining Unicode char U+0123 (decimal 291)
   defining Unicode char U+0124 (decimal 292)
   defining Unicode char U+0125 (decimal 293)
   defining Unicode char U+0128 (decimal 296)
   defining Unicode char U+0129 (decimal 297)
   defining Unicode char U+012A (decimal 298)
   defining Unicode char U+012B (decimal 299)
   defining Unicode char U+012C (decimal 300)
   defining Unicode char U+012D (decimal 301)
   defining Unicode char U+012E (decimal 302)
   defining Unicode char U+012F (decimal 303)
   defining Unicode char U+0130 (decimal 304)
   defining Unicode char U+0131 (decimal 305)
   defining Unicode char U+0132 (decimal 306)
   defining Unicode char U+0133 (decimal 307)
   defining Unicode char U+0134 (decimal 308)
   defining Unicode char U+0135 (decimal 309)
   defining Unicode char U+0136 (decimal 310)
   defining Unicode char U+0137 (decimal 311)
   defining Unicode char U+0139 (decimal 313)
   defining Unicode char U+013A (decimal 314)
   defining Unicode char U+013B (decimal 315)
   defining Unicode char U+013C (decimal 316)
   defining Unicode char U+013D (decimal 317)
   defining Unicode char U+013E (decimal 318)
   defining Unicode char U+0141 (decimal 321)
   defining Unicode char U+0142 (decimal 322)
   defining Unicode char U+0143 (decimal 323)
   defining Unicode char U+0144 (decimal 324)
   defining Unicode char U+0145 (decimal 325)
   defining Unicode char U+0146 (decimal 326)
   defining Unicode char U+0147 (decimal 327)
   defining Unicode char U+0148 (decimal 328)
   defining Unicode char U+014A (decimal 330)
   defining Unicode char U+014B (decimal 331)
   defining Unicode char U+014C (decimal 332)
   defining Unicode char U+014D (decimal 333)
   defining Unicode char U+014E (decimal 334)
   defining Unicode char U+014F (decimal 335)
   defining Unicode char U+0150 (decimal 336)
   defining Unicode char U+0151 (decimal 337)
   defining Unicode char U+0152 (decimal 338)
   defining Unicode char U+0153 (decimal 339)
   defining Unicode char U+0154 (decimal 340)
   defining Unicode char U+0155 (decimal 341)
   defining Unicode char U+0156 (decimal 342)
   defining Unicode char U+0157 (decimal 343)
   defining Unicode char U+0158 (decimal 344)
   defining Unicode char U+0159 (decimal 345)
   defining Unicode char U+015A (decimal 346)
   defining Unicode char U+015B (decimal 347)
   defining Unicode char U+015C (decimal 348)
   defining Unicode char U+015D (decimal 349)
   defining Unicode char U+015E (decimal 350)
   defining Unicode char U+015F (decimal 351)
   defining Unicode char U+0160 (decimal 352)
   defining Unicode char U+0161 (decimal 353)
   defining Unicode char U+0162 (decimal 354)
   defining Unicode char U+0163 (decimal 355)
   defining Unicode char U+0164 (decimal 356)
   defining Unicode char U+0165 (decimal 357)
   defining Unicode char U+0168 (decimal 360)
   defining Unicode char U+0169 (decimal 361)
   defining Unicode char U+016A (decimal 362)
   defining Unicode char U+016B (decimal 363)
   defining Unicode char U+016C (decimal 364)
   defining Unicode char U+016D (decimal 365)
   defining Unicode char U+016E (decimal 366)
   defining Unicode char U+016F (decimal 367)
   defining Unicode char U+0170 (decimal 368)
   defining Unicode char U+0171 (decimal 369)
   defining Unicode char U+0172 (decimal 370)
   defining Unicode char U+0173 (decimal 371)
   defining Unicode char U+0174 (decimal 372)
   defining Unicode char U+0175 (decimal 373)
   defining Unicode char U+0176 (decimal 374)
   defining Unicode char U+0177 (decimal 375)
   defining Unicode char U+0178 (decimal 376)
   defining Unicode char U+0179 (decimal 377)
   defining Unicode char U+017A (decimal 378)
   defining Unicode char U+017B (decimal 379)
   defining Unicode char U+017C (decimal 380)
   defining Unicode char U+017D (decimal 381)
   defining Unicode char U+017E (decimal 382)
   defining Unicode char U+01CD (decimal 461)
   defining Unicode char U+01CE (decimal 462)
   defining Unicode char U+01CF (decimal 463)
   defining Unicode char U+01D0 (decimal 464)
   defining Unicode char U+01D1 (decimal 465)
   defining Unicode char U+01D2 (decimal 466)
   defining Unicode char U+01D3 (decimal 467)
   defining Unicode char U+01D4 (decimal 468)
   defining Unicode char U+01E2 (decimal 482)
   defining Unicode char U+01E3 (decimal 483)
   defining Unicode char U+01E6 (decimal 486)
   defining Unicode char U+01E7 (decimal 487)
   defining Unicode char U+01E8 (decimal 488)
   defining Unicode char U+01E9 (decimal 489)
   defining Unicode char U+01EA (decimal 490)
   defining Unicode char U+01EB (decimal 491)
   defining Unicode char U+01F0 (decimal 496)
   defining Unicode char U+01F4 (decimal 500)
   defining Unicode char U+01F5 (decimal 501)
   defining Unicode char U+0218 (decimal 536)
   defining Unicode char U+0219 (decimal 537)
   defining Unicode char U+021A (decimal 538)
   defining Unicode char U+021B (decimal 539)
   defining Unicode char U+1E02 (decimal 7682)
   defining Unicode char U+1E03 (decimal 7683)
   defining Unicode char U+200C (decimal 8204)
   defining Unicode char U+2010 (decimal 8208)
   defining Unicode char U+2011 (decimal 8209)
   defining Unicode char U+2012 (decimal 8210)
   defining Unicode char U+2013 (decimal 8211)
   defining Unicode char U+2014 (decimal 8212)
   defining Unicode char U+2015 (decimal 8213)
   defining Unicode char U+2018 (decimal 8216)
   defining Unicode char U+2019 (decimal 8217)
   defining Unicode char U+201A (decimal 8218)
   defining Unicode char U+201C (decimal 8220)
   defining Unicode char U+201D (decimal 8221)
   defining Unicode char U+201E (decimal 8222)
   defining Unicode char U+2030 (decimal 8240)
   defining Unicode char U+2031 (decimal 8241)
   defining Unicode char U+2039 (decimal 8249)
   defining Unicode char U+203A (decimal 8250)
   defining Unicode char U+2423 (decimal 9251)
)
Now handling font encoding OT1 ...
... processing UTF-8 mapping file for font encoding OT1

("C:\Program Files\MiKTeX 2.9\tex\latex\base\ot1enc.dfu"
File: ot1enc.dfu 2016/02/28 v1.1s UTF-8 support for inputenc
   defining Unicode char U+00A0 (decimal 160)
   defining Unicode char U+00A1 (decimal 161)
   defining Unicode char U+00A3 (decimal 163)
   defining Unicode char U+00AD (decimal 173)
   defining Unicode char U+00B8 (decimal 184)
   defining Unicode char U+00BF (decimal 191)
   defining Unicode char U+00C5 (decimal 197)
   defining Unicode char U+00C6 (decimal 198)
   defining Unicode char U+00D8 (decimal 216)
   defining Unicode char U+00DF (decimal 223)
   defining Unicode char U+00E6 (decimal 230)
   defining Unicode char U+00EC (decimal 236)
   defining Unicode char U+00ED (decimal 237)
   defining Unicode char U+00EE (decimal 238)
   defining Unicode char U+00EF (decimal 239)
   defining Unicode char U+00F8 (decimal 248)
   defining Unicode char U+0131 (decimal 305)
   defining Unicode char U+0141 (decimal 321)
   defining Unicode char U+0142 (decimal 322)
   defining Unicode char U+0152 (decimal 338)
   defining Unicode char U+0153 (decimal 339)
   defining Unicode char U+0174 (decimal 372)
   defining Unicode char U+0175 (decimal 373)
   defining Unicode char U+0176 (decimal 374)
   defining Unicode char U+0177 (decimal 375)
   defining Unicode char U+0218 (decimal 536)
   defining Unicode char U+0219 (decimal 537)
   defining Unicode char U+021A (decimal 538)
   defining Unicode char U+021B (decimal 539)
   defining Unicode char U+2013 (decimal 8211)
   defining Unicode char U+2014 (decimal 8212)
   defining Unicode char U+2018 (decimal 8216)
   defining Unicode char U+2019 (decimal 8217)
   defining Unicode char U+201C (decimal 8220)
   defining Unicode char U+201D (decimal 8221)
)
Now handling font encoding OMS ...
... processing UTF-8 mapping file for font encoding OMS

("C:\Program Files\MiKTeX 2.9\tex\latex\base\omsenc.dfu"
File: omsenc.dfu 2016/02/28 v1.1s UTF-8 support for inputenc
   defining Unicode char U+00A7 (decimal 167)
   defining Unicode char U+00B6 (decimal 182)
   defining Unicode char U+00B7 (decimal 183)
   defining Unicode char U+2020 (decimal 8224)
   defining Unicode char U+2021 (decimal 8225)
   defining Unicode char U+2022 (decimal 8226)
)
Now handling font encoding OMX ...
... no UTF-8 mapping file for font encoding OMX
Now handling font encoding U ...
... no UTF-8 mapping file for font encoding U
   defining Unicode char U+00A9 (decimal 169)
   defining Unicode char U+00AA (decimal 170)
   defining Unicode char U+00AE (decimal 174)
   defining Unicode char U+00BA (decimal 186)
   defining Unicode char U+02C6 (decimal 710)
   defining Unicode char U+02DC (decimal 732)
   defining Unicode char U+200C (decimal 8204)
   defining Unicode char U+2026 (decimal 8230)
   defining Unicode char U+2122 (decimal 8482)
   defining Unicode char U+2423 (decimal 9251)
))
("C:\Program Files\MiKTeX 2.9\tex\generic\babel\babel.sty"
Package: babel 2016/04/23 3.9r The Babel package

*************************************
* Local config file bblopts.cfg used
*
("C:\Program Files\MiKTeX 2.9\tex\latex\arabi\bblopts.cfg"
File: bblopts.cfg 2005/09/08 v0.1 add Arabic and Farsi to "declared" options of
 babel
)
("C:\Program Files\MiKTeX 2.9\tex\latex\babel-french\frenchb.ldf"
Language: frenchb 2017/01/15 v3.2f French support from the babel system

("C:\Program Files\MiKTeX 2.9\tex\generic\babel\babel.def"
File: babel.def 2016/04/23 3.9r Babel common definitions
\babel@savecnt=\count88
\U@D=\dimen109
)
\l@acadian = a dialect from \language\l@french 
\l@canadien = a dialect from \language\l@french 
\FB@nonchar=\count89
\FBcolonskip=\skip44
\FBthinskip=\skip45
Package babel Info: Making : an active character on input line 365.
Package babel Info: Making ; an active character on input line 366.
Package babel Info: Making ! an active character on input line 367.
Package babel Info: Making ? an active character on input line 368.
\FBguillskip=\skip46
\FBguill@level=\count90
\FB@everypar=\toks17
\FB@Mht=\dimen110
\mc@charclass=\count91
\mc@charfam=\count92
\mc@charslot=\count93
\std@mcc=\count94
\dec@mcc=\count95
\listindentFB=\skip47
\descindentFB=\skip48
\labelwidthFB=\skip49
\leftmarginFB=\skip50
\parindentFFN=\dimen111
\FBfnindent=\skip51
))
("C:\Program Files\MiKTeX 2.9\tex\latex\carlisle\scalefnt.sty")
("C:\Program Files\MiKTeX 2.9\tex\latex\amsmath\amsmath.sty"
Package: amsmath 2016/11/05 v2.16a AMS math features
\@mathmargin=\skip52

For additional information on amsmath, use the `?' option.
("C:\Program Files\MiKTeX 2.9\tex\latex\amsmath\amstext.sty"
Package: amstext 2000/06/29 v2.01 AMS text

("C:\Program Files\MiKTeX 2.9\tex\latex\amsmath\amsgen.sty"
File: amsgen.sty 1999/11/30 v2.0 generic functions
\@emptytoks=\toks18
\ex@=\dimen112
))
("C:\Program Files\MiKTeX 2.9\tex\latex\amsmath\amsbsy.sty"
Package: amsbsy 1999/11/29 v1.2d Bold Symbols
\pmbraise@=\dimen113
)
("C:\Program Files\MiKTeX 2.9\tex\latex\amsmath\amsopn.sty"
Package: amsopn 2016/03/08 v2.02 operator names
)
\inf@bad=\count96
LaTeX Info: Redefining \frac on input line 213.
\uproot@=\count97
\leftroot@=\count98
LaTeX Info: Redefining \overline on input line 375.
\classnum@=\count99
\DOTSCASE@=\count100
LaTeX Info: Redefining \ldots on input line 472.
LaTeX Info: Redefining \dots on input line 475.
LaTeX Info: Redefining \cdots on input line 596.
\Mathstrutbox@=\box26
\strutbox@=\box27
\big@size=\dimen114
LaTeX Font Info:    Redeclaring font encoding OML on input line 712.
LaTeX Font Info:    Redeclaring font encoding OMS on input line 713.
\macc@depth=\count101
\c@MaxMatrixCols=\count102
\dotsspace@=\muskip10
\c@parentequation=\count103
\dspbrk@lvl=\count104
\tag@help=\toks19
\row@=\count105
\column@=\count106
\maxfields@=\count107
\andhelp@=\toks20
\eqnshift@=\dimen115
\alignsep@=\dimen116
\tagshift@=\dimen117
\tagwidth@=\dimen118
\totwidth@=\dimen119
\lineht@=\dimen120
\@envbody=\toks21
\multlinegap=\skip53
\multlinetaggap=\skip54
\mathdisplay@stack=\toks22
LaTeX Info: Redefining \[ on input line 2817.
LaTeX Info: Redefining \] on input line 2818.
)
("C:\Program Files\MiKTeX 2.9\tex\latex\amsfonts\amsfonts.sty"
Package: amsfonts 2013/01/14 v3.01 Basic AMSFonts support
\symAMSa=\mathgroup4
\symAMSb=\mathgroup5
LaTeX Font Info:    Overwriting math alphabet `\mathfrak' in version `bold'
(Font)                  U/euf/m/n --> U/euf/b/n on input line 106.
)
("C:\Program Files\MiKTeX 2.9\tex\latex\amsfonts\amssymb.sty"
Package: amssymb 2013/01/14 v3.01 AMS font symbols
)
("C:\Program Files\MiKTeX 2.9\tex\latex\threeparttable\threeparttable.sty"
Package: threeparttable 2003/06/13  v 3.0
\@tempboxb=\box28
)
("C:\Program Files\MiKTeX 2.9\tex\latex\geometry\geometry.sty"
Package: geometry 2010/09/12 v5.6 Page Geometry

("C:\Program Files\MiKTeX 2.9\tex\generic\oberdiek\ifpdf.sty"
Package: ifpdf 2016/05/14 v3.1 Provides the ifpdf switch
)
("C:\Program Files\MiKTeX 2.9\tex\generic\oberdiek\ifvtex.sty"
Package: ifvtex 2016/05/16 v1.6 Detect VTeX and its facilities (HO)
Package ifvtex Info: VTeX not detected.
)
("C:\Program Files\MiKTeX 2.9\tex\generic\ifxetex\ifxetex.sty"
Package: ifxetex 2010/09/12 v0.6 Provides ifxetex conditional
)
\Gm@cnth=\count108
\Gm@cntv=\count109
\c@Gm@tempcnt=\count110
\Gm@bindingoffset=\dimen121
\Gm@wd@mp=\dimen122
\Gm@odd@mp=\dimen123
\Gm@even@mp=\dimen124
\Gm@layoutwidth=\dimen125
\Gm@layoutheight=\dimen126
\Gm@layouthoffset=\dimen127
\Gm@layoutvoffset=\dimen128
\Gm@dimlist=\toks23

("C:\Program Files\MiKTeX 2.9\tex\latex\geometry\geometry.cfg"))
("C:\Program Files\MiKTeX 2.9\tex\latex\float\float.sty"
Package: float 2001/11/08 v1.3d Float enhancements (AL)
\c@float@type=\count111
\float@exts=\toks24
\float@box=\box29
\@float@everytoks=\toks25
\@floatcapt=\box30
)
("C:\Program Files\MiKTeX 2.9\tex\latex\tools\multicol.sty"
Package: multicol 2016/04/07 v1.8p multicolumn formatting (FMi)
\c@tracingmulticols=\count112
\mult@box=\box31
\multicol@leftmargin=\dimen129
\c@unbalance=\count113
\c@collectmore=\count114
\doublecol@number=\count115
\multicoltolerance=\count116
\multicolpretolerance=\count117
\full@width=\dimen130
\page@free=\dimen131
\premulticols=\dimen132
\postmulticols=\dimen133
\multicolsep=\skip55
\multicolbaselineskip=\skip56
\partial@page=\box32
\last@line=\box33
\maxbalancingoverflow=\dimen134
\mult@rightbox=\box34
\mult@grightbox=\box35
\mult@gfirstbox=\box36
\mult@firstbox=\box37
\@tempa=\box38
\@tempa=\box39
\@tempa=\box40
\@tempa=\box41
\@tempa=\box42
\@tempa=\box43
\@tempa=\box44
\@tempa=\box45
\@tempa=\box46
\@tempa=\box47
\@tempa=\box48
\@tempa=\box49
\@tempa=\box50
\@tempa=\box51
\@tempa=\box52
\@tempa=\box53
\@tempa=\box54
\c@columnbadness=\count118
\c@finalcolumnbadness=\count119
\last@try=\dimen135
\multicolovershoot=\dimen136
\multicolundershoot=\dimen137
\mult@nat@firstbox=\box55
\colbreak@box=\box56
\mc@col@check@num=\count120
)
("C:\Program Files\MiKTeX 2.9\tex\latex\upquote\upquote.sty"
Package: upquote 2012/04/19 v1.3 upright-quote and grave-accent glyphs in verba
tim
) (IRC_Latex.aux)
\openout1 = `IRC_Latex.aux'.

LaTeX Font Info:    Checking defaults for OML/cmm/m/it on input line 68.
LaTeX Font Info:    ... okay on input line 68.
LaTeX Font Info:    Checking defaults for T1/cmr/m/n on input line 68.
LaTeX Font Info:    ... okay on input line 68.
LaTeX Font Info:    Checking defaults for OT1/cmr/m/n on input line 68.
LaTeX Font Info:    ... okay on input line 68.
LaTeX Font Info:    Checking defaults for OMS/cmsy/m/n on input line 68.
LaTeX Font Info:    ... okay on input line 68.
LaTeX Font Info:    Checking defaults for OMX/cmex/m/n on input line 68.
LaTeX Font Info:    ... okay on input line 68.
LaTeX Font Info:    Checking defaults for U/cmr/m/n on input line 68.
LaTeX Font Info:    ... okay on input line 68.

("C:\Program Files\MiKTeX 2.9\tex\context\base\supp-pdf.mkii"
[Loading MPS to PDF converter (version 2006.09.02).]
\scratchcounter=\count121
\scratchdimen=\dimen138
\scratchbox=\box57
\nofMPsegments=\count122
\nofMParguments=\count123
\everyMPshowfont=\toks26
\MPscratchCnt=\count124
\MPscratchDim=\dimen139
\MPnumerator=\count125
\makeMPintoPDFobject=\count126
\everyMPtoPDFconversion=\toks27
) ("C:\Program Files\MiKTeX 2.9\tex\generic\oberdiek\pdftexcmds.sty"
Package: pdftexcmds 2016/05/21 v0.22 Utility functions of pdfTeX for LuaTeX (HO
)

("C:\Program Files\MiKTeX 2.9\tex\generic\oberdiek\ifluatex.sty"
Package: ifluatex 2016/05/16 v1.4 Provides the ifluatex switch (HO)
Package ifluatex Info: LuaTeX not detected.
)
Package pdftexcmds Info: LuaTeX not detected.
Package pdftexcmds Info: \pdf@primitive is available.
Package pdftexcmds Info: \pdf@ifprimitive is available.
Package pdftexcmds Info: \pdfdraftmode found.
)
("C:\Program Files\MiKTeX 2.9\tex\latex\oberdiek\epstopdf-base.sty"
Package: epstopdf-base 2016/05/15 v2.6 Base part for package epstopdf

("C:\Program Files\MiKTeX 2.9\tex\latex\oberdiek\grfext.sty"
Package: grfext 2016/05/16 v1.2 Manage graphics extensions (HO)

("C:\Program Files\MiKTeX 2.9\tex\generic\oberdiek\kvdefinekeys.sty"
Package: kvdefinekeys 2016/05/16 v1.4 Define keys (HO)
))
("C:\Program Files\MiKTeX 2.9\tex\latex\oberdiek\kvoptions.sty"
Package: kvoptions 2016/05/16 v3.12 Key value format for package options (HO)

("C:\Program Files\MiKTeX 2.9\tex\generic\oberdiek\kvsetkeys.sty"
Package: kvsetkeys 2016/05/16 v1.17 Key value parser (HO)

("C:\Program Files\MiKTeX 2.9\tex\generic\oberdiek\etexcmds.sty"
Package: etexcmds 2016/05/16 v1.6 Avoid name clashes with e-TeX commands (HO)
Package etexcmds Info: Could not find \expanded.
(etexcmds)             That can mean that you are not using pdfTeX 1.50 or
(etexcmds)             that some package has redefined \expanded.
(etexcmds)             In the latter case, load this package earlier.
)))
Package epstopdf-base Info: Redefining graphics rule for `.eps' on input line 4
38.
Package grfext Info: Graphics extension search list:
(grfext)             [.png,.pdf,.jpg,.mps,.jpeg,.jbig2,.jb2,.PNG,.PDF,.JPG,.JPE
G,.JBIG2,.JB2,.eps]
(grfext)             \AppendGraphicsExtensions on input line 456.
)
LaTeX Info: Redefining \degres on input line 68.
LaTeX Info: Redefining \dots on input line 68.
LaTeX Info: Redefining \up on input line 68.


Package frenchb.ldf Warning: OT1 encoding should not be used for French.
(frenchb.ldf)                Add \usepackage[T1]{fontenc} to the preamble
(frenchb.ldf)                of your document, on input line 68.

*geometry* driver: auto-detecting
*geometry* detected driver: pdftex
*geometry* verbose mode - [ preamble ] result:
* driver: pdftex
* paper: a4paper
* layout: <same size as paper>
* layoutoffset:(h,v)=(0.0pt,0.0pt)
* modes: 
* h-part:(L,W,R)=(56.9055pt, 483.69687pt, 56.9055pt)
* v-part:(T,H,B)=(56.9055pt, 731.23584pt, 56.9055pt)
* \paperwidth=597.50787pt
* \paperheight=845.04684pt
* \textwidth=483.69687pt
* \textheight=731.23584pt
* \oddsidemargin=-15.36449pt
* \evensidemargin=-15.36449pt
* \topmargin=-52.36449pt
* \headheight=12.0pt
* \headsep=25.0pt
* \topskip=11.0pt
* \footskip=30.0pt
* \marginparwidth=50.0pt
* \marginparsep=10.0pt
* \columnsep=10.0pt
* \skip\footins=10.0pt plus 4.0pt minus 2.0pt
* \hoffset=0.0pt
* \voffset=0.0pt
* \mag=1000
* \@twocolumnfalse
* \@twosidefalse
* \@mparswitchfalse
* \@reversemarginfalse
* (1in=72.27pt=25.4mm, 1cm=28.453pt)

LaTeX Font Info:    Try loading font information for U+msa on input line 70.
("C:\Program Files\MiKTeX 2.9\tex\latex\amsfonts\umsa.fd"
File: umsa.fd 2013/01/14 v3.01 AMS symbols A
)
LaTeX Font Info:    Try loading font information for U+msb on input line 70.

("C:\Program Files\MiKTeX 2.9\tex\latex\amsfonts\umsb.fd"
File: umsb.fd 2013/01/14 v3.01 AMS symbols B
)

LaTeX Warning: No \author given.

(IRC_Latex.toc)
\tf@toc=\write3
\openout3 = `IRC_Latex.toc'.

 [1

{C:/Users/Rodolphe/AppData/Local/MiKTeX/2.9/pdftex/config/pdftex.map}] [2]
Underfull \hbox (badness 10000) in paragraph at lines 193--194

 []

[3] [4]
Package color Info: Redefining color shadecolor on input line 321.
 <figure/unnamed-chunk-6-1.pdf, id=21, 505.89pt x 505.89pt>
File: figure/unnamed-chunk-6-1.pdf Graphic file (type pdf)

<use figure/unnamed-chunk-6-1.pdf>
Package pdftex.def Info: figure/unnamed-chunk-6-1.pdf used on input line 322.
(pdftex.def)             Requested size: 483.69687pt x 483.70361pt.

Overfull \hbox (17.0pt too wide) in paragraph at lines 322--323
[][] 
 []


<C:/Users/Rodolphe/Documents/IRC/carte_densite.png, id=22, 603.0028pt x 502.125
93pt>
File: C:/Users/Rodolphe/Documents/IRC/carte_densite.png Graphic file (type png)

 <use C:/Users/Rodolphe/Documents/IRC/carte_densite.png>
Package pdftex.def Info: C:/Users/Rodolphe/Documents/IRC/carte_densite.png used
 on input line 328.
(pdftex.def)             Requested size: 483.69687pt x 402.77394pt.
 [5] [6 <./figure/unnamed-chunk-6-1.pdf>]
LaTeX Font Info:    Try loading font information for OML+cmr on input line 335.

 ("C:\Program Files\MiKTeX 2.9\tex\latex\base\omlcmr.fd"
File: omlcmr.fd 2014/09/29 v2.5h Standard LaTeX font definitions
)
LaTeX Font Info:    Font shape `OML/cmr/m/n' in size <10.95> not available
(Font)              Font shape `OML/cmm/m/it' tried instead on input line 335.
Package color Info: Redefining color shadecolor on input line 355.
 [7 <C:/Users/Rodolphe/Documents/IRC/carte_densite.png>]
Package color Info: Redefining color shadecolor on input line 386.
Package color Info: Redefining color shadecolor on input line 403.

<figure/unnamed-chunk-12-1.pdf, id=43, 505.89pt x 289.08pt>
File: figure/unnamed-chunk-12-1.pdf Graphic file (type pdf)

<use figure/unnamed-chunk-12-1.pdf>
Package pdftex.def Info: figure/unnamed-chunk-12-1.pdf used on input line 404.
(pdftex.def)             Requested size: 483.69687pt x 276.40207pt.

Overfull \hbox (17.0pt too wide) in paragraph at lines 404--405
[][] 
 []

Package color Info: Redefining color shadecolor on input line 409.
<figure/unnamed-chunk-13-1.pdf, id=44, 505.89pt x 505.89pt>
File: figure/unnamed-chunk-13-1.pdf Graphic file (type pdf)

<use figure/unnamed-chunk-13-1.pdf>
Package pdftex.def Info: figure/unnamed-chunk-13-1.pdf used on input line 410.
(pdftex.def)             Requested size: 483.69687pt x 483.70361pt.

Overfull \hbox (17.0pt too wide) in paragraph at lines 410--411
[][] 
 []


<C:/Users/Rodolphe/Documents/IRC/Documents/4580745_5_04d3_l-episode-grippal-le-
plus-important-de-la_dab3b851eb989de590256fa527ffc1b6.png, id=45, 536.0025pt x 
401.5pt>
File: C:/Users/Rodolphe/Documents/IRC/Documents/4580745_5_04d3_l-episode-grippa
l-le-plus-important-de-la_dab3b851eb989de590256fa527ffc1b6.png Graphic file (ty
pe png)

<use C:/Users/Rodolphe/Documents/IRC/Documents/4580745_5_04d3_l-episode-grippal
-le-plus-important-de-la_dab3b851eb989de590256fa527ffc1b6.png>
Package pdftex.def Info: C:/Users/Rodolphe/Documents/IRC/Documents/4580745_5_04
d3_l-episode-grippal-le-plus-important-de-la_dab3b851eb989de590256fa527ffc1b6.p
ng used on input line 416.
(pdftex.def)             Requested size: 314.40001pt x 235.5045pt.
 [8 <./figure/unnamed-chunk-12-1.pdf>] [9 <./figure/unnamed-chunk-13-1.pdf> <C:
/Users/Rodolphe/Documents/IRC/Documents/4580745_5_04d3_l-episode-grippal-le-plu
s-important-de-la_dab3b851eb989de590256fa527ffc1b6.png>]
Package color Info: Redefining color shadecolor on input line 455.
Package color Info: Redefining color shadecolor on input line 501.

<figure/unnamed-chunk-15-1.pdf, id=63, 505.89pt x 361.35pt>
File: figure/unnamed-chunk-15-1.pdf Graphic file (type pdf)

<use figure/unnamed-chunk-15-1.pdf>
Package pdftex.def Info: figure/unnamed-chunk-15-1.pdf used on input line 502.
(pdftex.def)             Requested size: 483.69687pt x 345.5026pt.

Overfull \hbox (17.0pt too wide) in paragraph at lines 502--503
[][] 
 []

Package color Info: Redefining color shadecolor on input line 507.
<figure/unnamed-chunk-16-1.pdf, id=64, 505.89pt x 144.54pt> [10]
File: figure/unnamed-chunk-16-1.pdf Graphic file (type pdf)

<use figure/unnamed-chunk-16-1.pdf>
Package pdftex.def Info: figure/unnamed-chunk-16-1.pdf used on input line 508.
(pdftex.def)             Requested size: 483.69687pt x 138.20102pt.

Overfull \hbox (17.0pt too wide) in paragraph at lines 508--509
[][] 
 []

<figure/unnamed-chunk-16-2.pdf, id=68, 505.89pt x 144.54pt>
File: figure/unnamed-chunk-16-2.pdf Graphic file (type pdf)

<use figure/unnamed-chunk-16-2.pdf>
Package pdftex.def Info: figure/unnamed-chunk-16-2.pdf used on input line 510.
(pdftex.def)             Requested size: 483.69687pt x 138.20102pt.

Overfull \hbox (17.0pt too wide) in paragraph at lines 510--511
[][] 
 []

Package color Info: Redefining color shadecolor on input line 515.
<figure/unnamed-chunk-17-1.pdf, id=69, 505.89pt x 216.81pt>
File: figure/unnamed-chunk-17-1.pdf Graphic file (type pdf)

<use figure/unnamed-chunk-17-1.pdf>
Package pdftex.def Info: figure/unnamed-chunk-17-1.pdf used on input line 516.
(pdftex.def)             Requested size: 483.69687pt x 207.30154pt.

Overfull \hbox (17.0pt too wide) in paragraph at lines 516--517
[][] 
 []

[11 <./figure/unnamed-chunk-15-1.pdf> <./figure/unnamed-chunk-16-1.pdf> <./figu
re/unnamed-chunk-16-2.pdf>]
Package color Info: Redefining color shadecolor on input line 594.

<figure/unnamed-chunk-19-1.pdf, id=93, 505.89pt x 361.35pt>
File: figure/unnamed-chunk-19-1.pdf Graphic file (type pdf)

<use figure/unnamed-chunk-19-1.pdf>
Package pdftex.def Info: figure/unnamed-chunk-19-1.pdf used on input line 595.
(pdftex.def)             Requested size: 483.69687pt x 345.5026pt.

Overfull \hbox (17.0pt too wide) in paragraph at lines 595--596
[][] 
 []

<figure/unnamed-chunk-19-2.pdf, id=94, 505.89pt x 361.35pt> [12 <./figure/unnam
ed-chunk-17-1.pdf>]
File: figure/unnamed-chunk-19-2.pdf Graphic file (type pdf)
 <use figure/unnamed-chunk-19-2.pdf>
Package pdftex.def Info: figure/unnamed-chunk-19-2.pdf used on input line 597.
(pdftex.def)             Requested size: 483.69687pt x 345.5026pt.

Overfull \hbox (17.0pt too wide) in paragraph at lines 597--598
[][] 
 []

[13 <./figure/unnamed-chunk-19-1.pdf> <./figure/unnamed-chunk-19-2.pdf>]
<figure/unnamed-chunk-19-3.pdf, id=121, 505.89pt x 361.35pt>
File: figure/unnamed-chunk-19-3.pdf Graphic file (type pdf)

<use figure/unnamed-chunk-19-3.pdf>
Package pdftex.def Info: figure/unnamed-chunk-19-3.pdf used on input line 630.
(pdftex.def)             Requested size: 483.69687pt x 345.5026pt.

Overfull \hbox (17.0pt too wide) in paragraph at lines 630--631
[][] 
 []

[14]
Underfull \vbox (badness 3199) detected at line 662
 []

[15 <./figure/unnamed-chunk-19-3.pdf>]
<figure/unnamed-chunk-19-4.pdf, id=136, 505.89pt x 361.35pt>
File: figure/unnamed-chunk-19-4.pdf Graphic file (type pdf)

<use figure/unnamed-chunk-19-4.pdf>
Package pdftex.def Info: figure/unnamed-chunk-19-4.pdf used on input line 663.
(pdftex.def)             Requested size: 483.69687pt x 345.5026pt.

Overfull \hbox (17.0pt too wide) in paragraph at lines 663--664
[][] 
 []

<figure/unnamed-chunk-19-5.pdf, id=137, 505.89pt x 361.35pt>
File: figure/unnamed-chunk-19-5.pdf Graphic file (type pdf)

<use figure/unnamed-chunk-19-5.pdf>
Package pdftex.def Info: figure/unnamed-chunk-19-5.pdf used on input line 665.
(pdftex.def)             Requested size: 483.69687pt x 345.5026pt.

Overfull \hbox (17.0pt too wide) in paragraph at lines 665--666
[][] 
 []

[16 <./figure/unnamed-chunk-19-4.pdf> <./figure/unnamed-chunk-19-5.pdf>]
Package color Info: Redefining color shadecolor on input line 691.

<figure/unnamed-chunk-21-1.pdf, id=152, 505.89pt x 216.81pt>
File: figure/unnamed-chunk-21-1.pdf Graphic file (type pdf)

<use figure/unnamed-chunk-21-1.pdf>
Package pdftex.def Info: figure/unnamed-chunk-21-1.pdf used on input line 692.
(pdftex.def)             Requested size: 483.69687pt x 207.30154pt.

Overfull \hbox (17.0pt too wide) in paragraph at lines 692--693
[][] 
 []

<figure/unnamed-chunk-21-2.pdf, id=153, 505.89pt x 216.81pt>
File: figure/unnamed-chunk-21-2.pdf Graphic file (type pdf)

<use figure/unnamed-chunk-21-2.pdf>
Package pdftex.def Info: figure/unnamed-chunk-21-2.pdf used on input line 694.
(pdftex.def)             Requested size: 483.69687pt x 207.30154pt.

Overfull \hbox (17.0pt too wide) in paragraph at lines 694--695
[][] 
 []

<figure/unnamed-chunk-21-3.pdf, id=154, 505.89pt x 216.81pt>
File: figure/unnamed-chunk-21-3.pdf Graphic file (type pdf)

<use figure/unnamed-chunk-21-3.pdf>
Package pdftex.def Info: figure/unnamed-chunk-21-3.pdf used on input line 696.
(pdftex.def)             Requested size: 483.69687pt x 207.30154pt.

Overfull \hbox (17.0pt too wide) in paragraph at lines 696--697
[][] 
 []

<figure/unnamed-chunk-21-4.pdf, id=155, 505.89pt x 216.81pt> [17 <./figure/unna
med-chunk-21-1.pdf> <./figure/unnamed-chunk-21-2.pdf>]
File: figure/unnamed-chunk-21-4.pdf Graphic file (type pdf)

<use figure/unnamed-chunk-21-4.pdf>
Package pdftex.def Info: figure/unnamed-chunk-21-4.pdf used on input line 698.
(pdftex.def)             Requested size: 483.69687pt x 207.30154pt.

Overfull \hbox (17.0pt too wide) in paragraph at lines 698--699
[][] 
 []

<figure/unnamed-chunk-21-5.pdf, id=176, 505.89pt x 216.81pt>
File: figure/unnamed-chunk-21-5.pdf Graphic file (type pdf)

<use figure/unnamed-chunk-21-5.pdf>
Package pdftex.def Info: figure/unnamed-chunk-21-5.pdf used on input line 700.
(pdftex.def)             Requested size: 483.69687pt x 207.30154pt.

Overfull \hbox (17.0pt too wide) in paragraph at lines 700--701
[][] 
 []

<figure/unnamed-chunk-21-6.pdf, id=177, 505.89pt x 216.81pt>
File: figure/unnamed-chunk-21-6.pdf Graphic file (type pdf)

<use figure/unnamed-chunk-21-6.pdf>
Package pdftex.def Info: figure/unnamed-chunk-21-6.pdf used on input line 702.
(pdftex.def)             Requested size: 483.69687pt x 207.30154pt.

Overfull \hbox (17.0pt too wide) in paragraph at lines 702--703
[][] 
 []

<figure/unnamed-chunk-21-7.pdf, id=178, 505.89pt x 216.81pt> [18 <./figure/unna
med-chunk-21-3.pdf> <./figure/unnamed-chunk-21-4.pdf> <./figure/unnamed-chunk-2
1-5.pdf>]
File: figure/unnamed-chunk-21-7.pdf Graphic file (type pdf)
 <use figure/unnamed-chunk-21-7.pdf>
Package pdftex.def Info: figure/unnamed-chunk-21-7.pdf used on input line 704.
(pdftex.def)             Requested size: 483.69687pt x 207.30154pt.

Overfull \hbox (17.0pt too wide) in paragraph at lines 704--705
[][] 
 []

<figure/unnamed-chunk-21-8.pdf, id=206, 505.89pt x 216.81pt>
File: figure/unnamed-chunk-21-8.pdf Graphic file (type pdf)

<use figure/unnamed-chunk-21-8.pdf>
Package pdftex.def Info: figure/unnamed-chunk-21-8.pdf used on input line 706.
(pdftex.def)             Requested size: 483.69687pt x 207.30154pt.

Overfull \hbox (17.0pt too wide) in paragraph at lines 706--707
[][] 
 []

<figure/unnamed-chunk-21-9.pdf, id=207, 505.89pt x 216.81pt>
File: figure/unnamed-chunk-21-9.pdf Graphic file (type pdf)

<use figure/unnamed-chunk-21-9.pdf>
Package pdftex.def Info: figure/unnamed-chunk-21-9.pdf used on input line 708.
(pdftex.def)             Requested size: 483.69687pt x 207.30154pt.

Overfull \hbox (17.0pt too wide) in paragraph at lines 708--709
[][] 
 []

<figure/unnamed-chunk-21-10.pdf, id=208, 505.89pt x 216.81pt> [19 <./figure/unn
amed-chunk-21-6.pdf> <./figure/unnamed-chunk-21-7.pdf> <./figure/unnamed-chunk-
21-8.pdf>]
File: figure/unnamed-chunk-21-10.pdf Graphic file (type pdf)
 <use figure/unnamed-chunk-21-10.pdf>
Package pdftex.def Info: figure/unnamed-chunk-21-10.pdf used on input line 710.

(pdftex.def)             Requested size: 483.69687pt x 207.30154pt.

Overfull \hbox (17.0pt too wide) in paragraph at lines 710--711
[][] 
 []

<figure/unnamed-chunk-21-11.pdf, id=237, 505.89pt x 216.81pt>
File: figure/unnamed-chunk-21-11.pdf Graphic file (type pdf)

<use figure/unnamed-chunk-21-11.pdf>
Package pdftex.def Info: figure/unnamed-chunk-21-11.pdf used on input line 712.

(pdftex.def)             Requested size: 483.69687pt x 207.30154pt.

Overfull \hbox (17.0pt too wide) in paragraph at lines 712--713
[][] 
 []

[20 <./figure/unnamed-chunk-21-9.pdf> <./figure/unnamed-chunk-21-10.pdf> <./fig
ure/unnamed-chunk-21-11.pdf>] [21] [22] [23]
Underfull \hbox (badness 10000) in paragraph at lines 917--918

 []


Underfull \hbox (badness 10000) in paragraph at lines 922--923

 []


Underfull \hbox (badness 10000) in paragraph at lines 977--979

 []

[24]
Underfull \hbox (badness 10000) in paragraph at lines 1032--1033

 []

[25]
Underfull \hbox (badness 10000) in paragraph at lines 1137--1139

 []

[26]
Underfull \hbox (badness 10000) in paragraph at lines 1193--1195

 []

[27]
Underfull \hbox (badness 10000) in paragraph at lines 1244--1245

 []

[28] [29]
Underfull \hbox (badness 10000) in paragraph at lines 1392--1393

 []


Underfull \hbox (badness 10000) in paragraph at lines 1442--1443

 []

[30] [31]
Underfull \hbox (badness 10000) in paragraph at lines 1580--1582

 []

Package color Info: Redefining color shadecolor on input line 1586.
<figure/unnamed-chunk-40-1.pdf, id=301, 505.89pt x 252.945pt>
File: figure/unnamed-chunk-40-1.pdf Graphic file (type pdf)

<use figure/unnamed-chunk-40-1.pdf>
Package pdftex.def Info: figure/unnamed-chunk-40-1.pdf used on input line 1592.

(pdftex.def)             Requested size: 483.69687pt x 241.8518pt.

Overfull \hbox (17.0pt too wide) in paragraph at lines 1592--1593
[][] 
 []

[32]
Package color Info: Redefining color shadecolor on input line 1599.
 <figure/unnamed-chunk-41-1.pdf, id=305, 505.89pt x 361.35pt>
File: figure/unnamed-chunk-41-1.pdf Graphic file (type pdf)

<use figure/unnamed-chunk-41-1.pdf>
Package pdftex.def Info: figure/unnamed-chunk-41-1.pdf used on input line 1605.

(pdftex.def)             Requested size: 483.69687pt x 345.5026pt.

Overfull \hbox (17.0pt too wide) in paragraph at lines 1605--1606
[][] 
 []


Overfull \hbox (16.37352pt too wide) in paragraph at lines 1615--1633
 [][] 
 []

[33 <./figure/unnamed-chunk-40-1.pdf> <./figure/unnamed-chunk-41-1.pdf>]
Underfull \hbox (badness 10000) in paragraph at lines 1635--1636

 []

Package color Info: Redefining color shadecolor on input line 1640.
<figure/unnamed-chunk-43-1.pdf, id=322, 505.89pt x 252.945pt>
File: figure/unnamed-chunk-43-1.pdf Graphic file (type pdf)

<use figure/unnamed-chunk-43-1.pdf>
Package pdftex.def Info: figure/unnamed-chunk-43-1.pdf used on input line 1646.

(pdftex.def)             Requested size: 483.69687pt x 241.8518pt.

Overfull \hbox (17.0pt too wide) in paragraph at lines 1646--1647
[][] 
 []

Package color Info: Redefining color shadecolor on input line 1653.
<figure/unnamed-chunk-44-1.pdf, id=323, 505.89pt x 216.81pt>
File: figure/unnamed-chunk-44-1.pdf Graphic file (type pdf)

<use figure/unnamed-chunk-44-1.pdf>
Package pdftex.def Info: figure/unnamed-chunk-44-1.pdf used on input line 1659.

(pdftex.def)             Requested size: 483.69687pt x 207.30154pt.

Overfull \hbox (17.0pt too wide) in paragraph at lines 1659--1660
[][] 
 []


Overfull \hbox (54.75987pt too wide) in paragraph at lines 1667--1684
 [][] 
 []

[34 <./figure/unnamed-chunk-43-1.pdf>]
Underfull \hbox (badness 10000) in paragraph at lines 1718--1720

 []

Package color Info: Redefining color shadecolor on input line 1752.
[35 <./figure/unnamed-chunk-44-1.pdf>] [36]
Underfull \hbox (badness 10000) in paragraph at lines 1923--1925

 []

Package color Info: Redefining color shadecolor on input line 1959.
Package color Info: Redefining color shadecolor on input line 1991.
[37]
Overfull \hbox (21.16266pt too wide) in paragraph at lines 2040--2054
 [][] 
 []

[38] [39] [40] [41]
Package color Info: Redefining color shadecolor on input line 2431.
Package color Info: Redefining color shadecolor on input line 2447.

<figure/unnamed-chunk-59-1.pdf, id=359, 505.89pt x 505.89pt>
File: figure/unnamed-chunk-59-1.pdf Graphic file (type pdf)

<use figure/unnamed-chunk-59-1.pdf>
Package pdftex.def Info: figure/unnamed-chunk-59-1.pdf used on input line 2448.

(pdftex.def)             Requested size: 483.69687pt x 483.70361pt.

Overfull \hbox (17.0pt too wide) in paragraph at lines 2448--2449
[][] 
 []

[42]
Package color Info: Redefining color shadecolor on input line 2455.
 <figure/unnamed-chunk-60-1.pdf, id=363, 505.89pt x 252.945pt>
File: figure/unnamed-chunk-60-1.pdf Graphic file (type pdf)

<use figure/unnamed-chunk-60-1.pdf>
Package pdftex.def Info: figure/unnamed-chunk-60-1.pdf used on input line 2456.

(pdftex.def)             Requested size: 483.69687pt x 241.8518pt.

Overfull \hbox (17.0pt too wide) in paragraph at lines 2456--2457
[][] 
 []

[43 <./figure/unnamed-chunk-59-1.pdf>]
Underfull \hbox (badness 10000) in paragraph at lines 2531--2533

 []

[44 <./figure/unnamed-chunk-60-1.pdf>]
Underfull \hbox (badness 10000) in paragraph at lines 2534--2536

 []


Overfull \hbox (16.29779pt too wide) in paragraph at lines 2543--2559
 [][] 
 []

Package color Info: Redefining color shadecolor on input line 2602.
[45]
Package color Info: Redefining color shadecolor on input line 2658.
 <figure/unnamed-chunk-68-1.pdf, id=386, 505.89pt x 505.89pt>
File: figure/unnamed-chunk-68-1.pdf Graphic file (type pdf)

<use figure/unnamed-chunk-68-1.pdf>
Package pdftex.def Info: figure/unnamed-chunk-68-1.pdf used on input line 2664.

(pdftex.def)             Requested size: 483.69687pt x 483.70361pt.

Overfull \hbox (17.0pt too wide) in paragraph at lines 2664--2665
[][] 
 []

[46]
Underfull \hbox (badness 10000) in paragraph at lines 2690--2692

 []

Package color Info: Redefining color shadecolor on input line 2696.
[47 <./figure/unnamed-chunk-68-1.pdf>]
Package color Info: Redefining color shadecolor on input line 2724.
Package color Info: Redefining color shadecolor on input line 2758.

<figure/unnamed-chunk-72-1.pdf, id=401, 505.89pt x 361.35pt>
File: figure/unnamed-chunk-72-1.pdf Graphic file (type pdf)

<use figure/unnamed-chunk-72-1.pdf>
Package pdftex.def Info: figure/unnamed-chunk-72-1.pdf used on input line 2759.

(pdftex.def)             Requested size: 483.69687pt x 345.5026pt.

Overfull \hbox (17.0pt too wide) in paragraph at lines 2759--2760
[][] 
 []

<figure/unnamed-chunk-72-2.pdf, id=402, 505.89pt x 361.35pt> [48]
File: figure/unnamed-chunk-72-2.pdf Graphic file (type pdf)

<use figure/unnamed-chunk-72-2.pdf>
Package pdftex.def Info: figure/unnamed-chunk-72-2.pdf used on input line 2761.

(pdftex.def)             Requested size: 483.69687pt x 345.5026pt.

Overfull \hbox (17.0pt too wide) in paragraph at lines 2761--2762
[][] 
 []

[49 <./figure/unnamed-chunk-72-1.pdf> <./figure/unnamed-chunk-72-2.pdf>]
(IRC_Latex.aux) ) 
Here is how much of TeX's memory you used:
 4875 strings out of 493367
 68653 string characters out of 3139899
 175538 words of memory out of 3000000
 8244 multiletter control sequences out of 15000+200000
 13866 words of font info for 54 fonts, out of 3000000 for 9000
 1127 hyphenation exceptions out of 8191
 39i,10n,30p,543b,439s stack positions out of 5000i,500n,10000p,200000b,50000s
<C:/Program Files/MiKTeX 2.9/fonts/type1/public/amsfonts/cm/cm
bx10.pfb><C:/Program Files/MiKTeX 2.9/fonts/type1/public/amsfonts/cm/cmbx12.pfb
><C:/Program Files/MiKTeX 2.9/fonts/type1/public/amsfonts/cm/cmcsc10.pfb><C:/Pr
ogram Files/MiKTeX 2.9/fonts/type1/public/amsfonts/cm/cmmi10.pfb><C:/Program Fi
les/MiKTeX 2.9/fonts/type1/public/amsfonts/cm/cmr10.pfb><C:/Program Files/MiKTe
X 2.9/fonts/type1/public/amsfonts/cm/cmr12.pfb><C:/Program Files/MiKTeX 2.9/fon
ts/type1/public/amsfonts/cm/cmr17.pfb><C:/Program Files/MiKTeX 2.9/fonts/type1/
public/amsfonts/cm/cmr8.pfb><C:/Program Files/MiKTeX 2.9/fonts/type1/public/ams
fonts/cm/cmsy10.pfb><C:/Program Files/MiKTeX 2.9/fonts/type1/public/amsfonts/cm
/cmti10.pfb><C:/Program Files/MiKTeX 2.9/fonts/type1/public/amsfonts/cm/cmtt10.
pfb>
Output written on IRC_Latex.pdf (49 pages, 1638839 bytes).
PDF statistics:
 459 PDF objects out of 1000 (max. 8388607)
 0 named destinations out of 1000 (max. 500000)
 171 words of extra memory for PDF output out of 10000 (max. 10000000)

